Using pre-set license
Built from '2021.1/staging' branch; Version is '2021.1.7f1 (d91830b65d9b) revision 14227504'; Using compiler version '192528614'; Build Type 'Release'
OS: 'Windows 10 Pro; OS build 19043.1348; Version 2009; 64bit' Language: 'ru' Physical Memory: 15741 MB
BatchMode: 1, IsHumanControllingUs: 0, StartBugReporterOnCrash: 0, Is64bit: 1, IsPro: 0

 COMMAND LINE ARGUMENTS:
D:\Unity\UnityEditor\2021.1.7f1\Editor\Unity.exe
-adb2
-batchMode
-noUpm
-name
AssetImportWorker0
-projectPath
D:/Unity/UnityProgect/DotWeen
-logFile
Logs/AssetImportWorker0.log
-srvPort
58187
Successfully changed project path to: D:/Unity/UnityProgect/DotWeen
D:/Unity/UnityProgect/DotWeen
Using Asset Import Pipeline V2.
Refreshing native plugins compatible for Editor in 73.77 ms, found 1 plugins.
Preloading 0 native plugins for Editor in 0.00 ms.
Initialize engine version: 2021.1.7f1 (d91830b65d9b)
[Subsystems] Discovering subsystems at path D:/Unity/UnityEditor/2021.1.7f1/Editor/Data/Resources/UnitySubsystems
[Subsystems] Discovering subsystems at path D:/Unity/UnityProgect/DotWeen/Assets
GfxDevice: creating device client; threaded=0; jobified=0
Direct3D:
    Version:  Direct3D 11.0 [level 11.1]
    Renderer: NVIDIA GeForce GTX 1650 Ti (ID=0x1f95)
    Vendor:   NVIDIA
    VRAM:     3962 MB
    Driver:   30.0.14.9649
Initialize mono
Mono path[0] = 'D:/Unity/UnityEditor/2021.1.7f1/Editor/Data/Managed'
Mono path[1] = 'D:/Unity/UnityEditor/2021.1.7f1/Editor/Data/MonoBleedingEdge/lib/mono/unityjit'
Mono config path = 'D:/Unity/UnityEditor/2021.1.7f1/Editor/Data/MonoBleedingEdge/etc'
Using monoOptions --debugger-agent=transport=dt_socket,embedding=1,server=y,suspend=n,address=127.0.0.1:56852
Begin MonoManager ReloadAssembly
Registering precompiled unity dll's ...
Register platform support module: D:/Unity/UnityEditor/2021.1.7f1/Editor/Data/PlaybackEngines/WindowsStandaloneSupport/UnityEditor.WindowsStandalone.Extensions.dll
Registered in 0.001357 seconds.
Native extension for WindowsStandalone target not found
Refreshing native plugins compatible for Editor in 76.50 ms, found 1 plugins.
Preloading 0 native plugins for Editor in 0.00 ms.
Mono: successfully reloaded assembly
- Completed reload, in  1.214 seconds
Platform modules already initialized, skipping
Registering precompiled user dll's ...
Registered in 0.002256 seconds.
Begin MonoManager ReloadAssembly
Symbol file LoadedFromMemory doesn't match image D:\Unity\UnityProgect\DotWeen\Library\PackageCache\com.unity.visualscripting@1.6.1\Editor\VisualScripting.Core\Dependencies\YamlDotNet\Unity.VisualScripting.YamlDotNet.dll
Symbol file LoadedFromMemory doesn't match image D:\Unity\UnityProgect\DotWeen\Library\PackageCache\com.unity.visualscripting@1.6.1\Editor\VisualScripting.Core\Dependencies\DotNetZip\Unity.VisualScripting.IonicZip.dll
Native extension for WindowsStandalone target not found
Refreshing native plugins compatible for Editor in 0.67 ms, found 1 plugins.
Preloading 0 native plugins for Editor in 0.00 ms.
Mono: successfully reloaded assembly
- Completed reload, in  0.858 seconds
Platform modules already initialized, skipping
========================================================================
Worker process is ready to serve import requests
Launched and connected shader compiler UnityShaderCompiler.exe after 0.05 seconds
Refreshing native plugins compatible for Editor in 0.52 ms, found 1 plugins.
Preloading 0 native plugins for Editor in 0.00 ms.
Unloading 2684 Unused Serialized files (Serialized files now loaded: 0)
System memory in use before: 98.8 MB.
System memory in use after: 98.9 MB.

Unloading 17 unused Assets to reduce memory usage. Loaded Objects now: 3141.
Total: 2.777200 ms (FindLiveObjects: 0.306800 ms CreateObjectMapping: 0.133600 ms MarkObjects: 2.262700 ms  DeleteObjects: 0.072700 ms)

========================================================================
Received Import Request.
  path: Assets/Script/ChangeColor.cs
  artifactKey: Guid(b214842595b32f94b9e950f56b0c70bb) Importer(815301076,1909f56bfc062723c751e8b465ee728b)
Start importing Assets/Script/ChangeColor.cs using Guid(b214842595b32f94b9e950f56b0c70bb) Importer(815301076,1909f56bfc062723c751e8b465ee728b)  -> (artifact id: '4464d4e6b67a923a1fad4c8d1307aad9') in 0.032520 seconds 
========================================================================
Received Import Request.
  Time since last request: 0.000319 seconds.
  path: Assets/Script/ChangeText.cs
  artifactKey: Guid(80a4e83f79347dd46b7303418d6650aa) Importer(815301076,1909f56bfc062723c751e8b465ee728b)
Start importing Assets/Script/ChangeText.cs using Guid(80a4e83f79347dd46b7303418d6650aa) Importer(815301076,1909f56bfc062723c751e8b465ee728b)  -> (artifact id: '4e30c090ac6aa1485efe4804eaf5229f') in 0.007085 seconds 
========================================================================
Received Import Request.
  Time since last request: 0.176806 seconds.
  path: Assets/Script/FolllowerMove.cs
  artifactKey: Guid(ad82ea3040c82094ca4d1534b2e315b8) Importer(815301076,1909f56bfc062723c751e8b465ee728b)
Start importing Assets/Script/FolllowerMove.cs using Guid(ad82ea3040c82094ca4d1534b2e315b8) Importer(815301076,1909f56bfc062723c751e8b465ee728b)  -> (artifact id: '21b429e0f274a47bdf17d1a9aab0735d') in 0.006672 seconds 
========================================================================
Received Import Request.
  Time since last request: 4.649056 seconds.
  path: Assets/Script/MoveCube.cs
  artifactKey: Guid(ce43f83d1934de044a8cb4ad08631d4b) Importer(815301076,1909f56bfc062723c751e8b465ee728b)
Start importing Assets/Script/MoveCube.cs using Guid(ce43f83d1934de044a8cb4ad08631d4b) Importer(815301076,1909f56bfc062723c751e8b465ee728b)  -> (artifact id: '459fed2165473a9a6e57de314510de77') in 0.006524 seconds 
========================================================================
Received Import Request.
  Time since last request: 0.764966 seconds.
  path: Assets/Script/Path.cs
  artifactKey: Guid(37032f41da32ff644922afaef8543e29) Importer(815301076,1909f56bfc062723c751e8b465ee728b)
Start importing Assets/Script/Path.cs using Guid(37032f41da32ff644922afaef8543e29) Importer(815301076,1909f56bfc062723c751e8b465ee728b)  -> (artifact id: '0051532654842d8df3681869a2aa0c3f') in 0.038725 seconds 
AssetImportWorkerClient::OnTransportError - code=2 error=End of file
